<?xml version="1.0" encoding="UTF-8"?>
<!-- Generated by org.testng.reporters.JUnitXMLReporter -->
<testsuite hostname="User-PC" ignored="0" name="Default test" tests="3" failures="0" timestamp="14 Mar 2022 18:07:29 GMT" time="0.073" errors="0">
  <testcase name="HatricTest" time="0.013" classname="Maven.KichhaTest"/>
  <testcase name="SahasaSihmaTest" time="0.007" classname="Maven.KichhaTest"/>
  <testcase name="kichhaTest" time="0.002" classname="Maven.KichhaTest"/>
</testsuite> <!-- Default test -->
