<?xml version="1.0" encoding="UTF-8"?>
<testng-results skipped="0" failed="0" ignored="0" total="3" passed="3">
  <reporter-output>
  </reporter-output>
  <suite name="Default suite" duration-ms="73" started-at="2022-03-14T18:07:29Z" finished-at="2022-03-14T18:07:29Z">
    <groups>
    </groups>
    <test name="Default test" duration-ms="73" started-at="2022-03-14T18:07:29Z" finished-at="2022-03-14T18:07:29Z">
      <class name="Maven.KichhaTest">
        <test-method status="PASS" signature="HatricTest()[pri:0, instance:Maven.KichhaTest@5034c75a]" name="HatricTest" duration-ms="13" started-at="2022-03-14T18:07:29Z" finished-at="2022-03-14T18:07:29Z">
          <reporter-output>
          </reporter-output>
        </test-method> <!-- HatricTest -->
        <test-method status="PASS" signature="SahasaSihmaTest()[pri:0, instance:Maven.KichhaTest@5034c75a]" name="SahasaSihmaTest" duration-ms="7" started-at="2022-03-14T18:07:29Z" finished-at="2022-03-14T18:07:29Z">
          <reporter-output>
          </reporter-output>
        </test-method> <!-- SahasaSihmaTest -->
        <test-method status="PASS" signature="kichhaTest()[pri:0, instance:Maven.KichhaTest@5034c75a]" name="kichhaTest" duration-ms="2" started-at="2022-03-14T18:07:29Z" finished-at="2022-03-14T18:07:29Z">
          <reporter-output>
          </reporter-output>
        </test-method> <!-- kichhaTest -->
      </class> <!-- Maven.KichhaTest -->
    </test> <!-- Default test -->
  </suite> <!-- Default suite -->
</testng-results>
