<?xml version="1.0" encoding="UTF-8"?>
<testng-results skipped="0" failed="0" ignored="0" total="1" passed="1">
  <reporter-output>
  </reporter-output>
  <suite name="Default suite" duration-ms="58" started-at="2022-03-14T10:50:30Z" finished-at="2022-03-14T10:50:30Z">
    <groups>
    </groups>
    <test name="Default test" duration-ms="58" started-at="2022-03-14T10:50:30Z" finished-at="2022-03-14T10:50:30Z">
      <class name="SeleniumMevan.ReadDataTest">
        <test-method status="PASS" signature="read()[pri:0, instance:SeleniumMevan.ReadDataTest@5034c75a]" name="read" duration-ms="16" started-at="2022-03-14T10:50:30Z" finished-at="2022-03-14T10:50:30Z">
          <reporter-output>
          </reporter-output>
        </test-method> <!-- read -->
      </class> <!-- SeleniumMevan.ReadDataTest -->
    </test> <!-- Default test -->
  </suite> <!-- Default suite -->
</testng-results>
